[2024-05-23 12:20:28 [32mINFO [0;39m main] [com.green.greengram.GreenGramVer3Application] [36mStarting GreenGramVer3Application using Java 17.0.10 with PID 3264 (D:\Students\MJ\backEnd\GreenGramVer3\build\classes\java\main started by Administrator in D:\Students\MJ\backEnd\GreenGramVer3)[0;39m
[2024-05-23 12:20:28 [32mINFO [0;39m main] [com.green.greengram.GreenGramVer3Application] [36mNo active profile set, falling back to 1 default profile: "default"[0;39m
[2024-05-23 12:20:29 [32mINFO [0;39m main] [org.springframework.boot.web.embedded.tomcat.TomcatWebServer] [36mTomcat initialized with port 8080 (http)[0;39m
[2024-05-23 12:20:29 [32mINFO [0;39m main] [org.apache.coyote.http11.Http11NioProtocol] [36mInitializing ProtocolHandler ["http-nio-8080"][0;39m
[2024-05-23 12:20:29 [32mINFO [0;39m main] [org.apache.catalina.core.StandardService] [36mStarting service [Tomcat][0;39m
[2024-05-23 12:20:29 [32mINFO [0;39m main] [org.apache.catalina.core.StandardEngine] [36mStarting Servlet engine: [Apache Tomcat/10.1.20][0;39m
[2024-05-23 12:20:29 [32mINFO [0;39m main] [org.apache.catalina.core.ContainerBase.[Tomcat].[localhost].[/]] [36mInitializing Spring embedded WebApplicationContext[0;39m
[2024-05-23 12:20:29 [32mINFO [0;39m main] [org.springframework.boot.web.servlet.context.ServletWebServerApplicationContext] [36mRoot WebApplicationContext: initialization completed in 888 ms[0;39m
[2024-05-23 12:20:30 [32mINFO [0;39m main] [org.springframework.boot.autoconfigure.web.servlet.WelcomePageHandlerMapping] [36mAdding welcome page: class path resource [static/index.html][0;39m
[2024-05-23 12:20:30 [32mINFO [0;39m main] [org.springframework.boot.actuate.endpoint.web.EndpointLinksResolver] [36mExposing 1 endpoint(s) beneath base path '/actuator'[0;39m
[2024-05-23 12:20:30 [32mINFO [0;39m main] [org.apache.coyote.http11.Http11NioProtocol] [36mStarting ProtocolHandler ["http-nio-8080"][0;39m
[2024-05-23 12:20:30 [32mINFO [0;39m main] [org.springframework.boot.web.embedded.tomcat.TomcatWebServer] [36mTomcat started on port 8080 (http) with context path ''[0;39m
[2024-05-23 12:20:30 [32mINFO [0;39m main] [com.green.greengram.GreenGramVer3Application] [36mStarted GreenGramVer3Application in 1.927 seconds (process running for 2.231)[0;39m
[2024-05-23 12:20:30 [32mINFO [0;39m RMI TCP Connection(2)-192.168.0.207] [com.zaxxer.hikari.HikariDataSource] [36mHikariPool-1 - Starting...[0;39m
[2024-05-23 12:20:30 [32mINFO [0;39m RMI TCP Connection(1)-192.168.0.207] [org.apache.catalina.core.ContainerBase.[Tomcat].[localhost].[/]] [36mInitializing Spring DispatcherServlet 'dispatcherServlet'[0;39m
[2024-05-23 12:20:30 [32mINFO [0;39m RMI TCP Connection(1)-192.168.0.207] [org.springframework.web.servlet.DispatcherServlet] [36mInitializing Servlet 'dispatcherServlet'[0;39m
[2024-05-23 12:20:30 [32mINFO [0;39m RMI TCP Connection(1)-192.168.0.207] [org.springframework.web.servlet.DispatcherServlet] [36mCompleted initialization in 1 ms[0;39m
[2024-05-23 12:20:30 [32mINFO [0;39m RMI TCP Connection(2)-192.168.0.207] [com.zaxxer.hikari.pool.HikariPool] [36mHikariPool-1 - Added connection net.sf.log4jdbc.sql.jdbcapi.ConnectionSpy@697da184[0;39m
[2024-05-23 12:20:30 [32mINFO [0;39m RMI TCP Connection(2)-192.168.0.207] [com.zaxxer.hikari.HikariDataSource] [36mHikariPool-1 - Start completed.[0;39m
[2024-05-23 12:20:37 [32mINFO [0;39m http-nio-8080-exec-5] [org.springdoc.api.AbstractOpenApiResource] [36mInit duration for springdoc-openapi is: 228 ms[0;39m
[2024-05-23 12:20:53 [32mDEBUG[0;39m http-nio-8080-exec-3] [jdbc.sqltiming] [36m com.zaxxer.hikari.pool.ProxyPreparedStatement.execute(ProxyPreparedStatement.java:44)
1. SELECT A.feed_id AS feedId, A.writer_id AS writerId, A.contents
                , A.location, A.created_at AS createdAt
                , B.nm AS writerNm, B.pic AS writerPic
                , IF(C.feed_id IS NULL,0,1) AS isFav
        FROM feed A
        JOIN user B
        ON A.writer_id = B.user_id
        LEFT JOIN feed_favorite C
        ON A.feed_id = C.feed_id
        AND C.user_id = 5

            WHERE A.writer_id = 5

        ORDER BY A.feed_id DESC
        LIMIT 0, 50
 {executed in 2 msec}[0;39m
[2024-05-23 12:20:53 [32mINFO [0;39m http-nio-8080-exec-3] [jdbc.resultsettable] [36m
|--------|----------|---------|---------|-----------|---|----|------|
|feed_id |writer_id |contents |location |created_at |nm |pic |isfav |
|--------|----------|---------|---------|-----------|---|----|------|
|--------|----------|---------|---------|-----------|---|----|------|
[0;39m
[2024-05-23 12:21:04 [32mDEBUG[0;39m http-nio-8080-exec-8] [jdbc.sqltiming] [36m com.zaxxer.hikari.pool.ProxyPreparedStatement.execute(ProxyPreparedStatement.java:44)
1. SELECT A.feed_id AS feedId, A.writer_id AS writerId, A.contents
                , A.location, A.created_at AS createdAt
                , B.nm AS writerNm, B.pic AS writerPic
                , IF(C.feed_id IS NULL,0,1) AS isFav
        FROM feed A
        JOIN user B
        ON A.writer_id = B.user_id
        LEFT JOIN feed_favorite C
        ON A.feed_id = C.feed_id
        AND C.user_id = 5

        ORDER BY A.feed_id DESC
        LIMIT 0, 50
 {executed in 0 msec}[0;39m
[2024-05-23 12:21:04 [32mINFO [0;39m http-nio-8080-exec-8] [jdbc.resultsettable] [36m
|--------|----------|----------------------------------|---------|--------------------|--------|-----------------------------------------|------|
|feed_id |writer_id |contents                          |location |created_at          |nm      |pic                                      |isfav |
|--------|----------|----------------------------------|---------|--------------------|--------|-----------------------------------------|------|
|68      |51        |                                  |         |2024-05-22 12:00:31 |23      |b797a030-37d9-46b8-a423-30ec777791a2.png |0     |
|67      |47        |김민지                               |공부안해?!   |2024-05-22 11:58:51 |1       |5e56ecfd-6255-445a-8b81-b6b0e8536939.png |0     |
|66      |51        |                                  |         |2024-05-21 15:02:43 |23      |b797a030-37d9-46b8-a423-30ec777791a2.png |0     |
|65      |51        |fsdf                              |sd       |2024-05-21 15:01:52 |23      |b797a030-37d9-46b8-a423-30ec777791a2.png |0     |
|61      |46        |                                  |         |2024-05-16 17:07:24 |0516테스트 |6350a57a-8253-4452-9ca3-8dd373add2d0.jpg |0     |
|60      |46        |                                  |         |2024-05-16 17:01:59 |0516테스트 |6350a57a-8253-4452-9ca3-8dd373add2d0.jpg |0     |
|59      |46        |                                  |         |2024-05-16 14:46:46 |0516테스트 |6350a57a-8253-4452-9ca3-8dd373add2d0.jpg |0     |
|58      |46        |                                  |         |2024-05-16 14:46:37 |0516테스트 |6350a57a-8253-4452-9ca3-8dd373add2d0.jpg |0     |
|57      |46        |                                  |         |2024-05-16 12:24:43 |0516테스트 |6350a57a-8253-4452-9ca3-8dd373add2d0.jpg |0     |
|56      |46        |                                  |         |2024-05-16 12:18:59 |0516테스트 |6350a57a-8253-4452-9ca3-8dd373add2d0.jpg |0     |
|55      |46        |                                  |         |2024-05-16 12:18:51 |0516테스트 |6350a57a-8253-4452-9ca3-8dd373add2d0.jpg |0     |
|49      |41        |ggsfsfdg                          |fgddf    |2024-05-10 14:46:44 |김민지     |d40650ef-c6fa-467f-952a-38a883a06634.jpg |0     |
|48      |41        |null                              |null     |2024-05-10 14:46:39 |김민지     |d40650ef-c6fa-467f-952a-38a883a06634.jpg |0     |
|47      |41        |null                              |null     |2024-05-10 14:30:43 |김민지     |d40650ef-c6fa-467f-952a-38a883a06634.jpg |0     |
|46      |41        |고양고양                              |고앵       |2024-05-10 12:03:18 |김민지     |d40650ef-c6fa-467f-952a-38a883a06634.jpg |0     |
|30      |26        |돈까스 먹고싶다                          |Green    |2024-05-07 17:01:16 |김민지     |null                                     |0     |
|29      |25        |김민지!!!!!!!!!!!!!!!!!!!!!!!!!!!!!! |김민지      |2024-05-07 16:57:15 |김수찬 죽는디 |b4762cf1-ecfc-4145-a588-36e859da1f98.jpg |0     |
|28      |24        |나바보아니다 헤헤                         |그린컴퓨터    |2024-05-07 16:40:44 |김민지     |null                                     |0     |
|27      |17        |공부안해?!                            |너 뭐해!    |2024-05-07 16:37:10 |홍길동     |null                                     |0     |
|26      |23        |졸귀                                |ㅋ        |2024-05-07 16:35:26 |우주최강    |06151c62-76bd-4985-967f-aca510664fad.jpg |0     |
|25      |23        |이거 누구 닮았다던데?                      |qq       |2024-05-07 16:34:49 |우주최강    |06151c62-76bd-4985-967f-aca510664fad.jpg |0     |
|24      |17        |ㅁㄴㅇㅁㄴㅇㅁㄴㅇ                         |나만 운없어   |2024-05-07 16:33:52 |홍길동     |null                                     |0     |
|23      |17        |ㅋㅋㅋㅋ                              |김민지바보    |2024-05-07 16:33:42 |홍길동     |null                                     |0     |
|22      |6         |사진없                               |대구       |2024-05-07 16:22:02 |홍길동     |null                                     |0     |
|21      |6         |사진없                               |대구       |2024-05-07 16:21:57 |홍길동     |null                                     |0     |
|20      |6         |사진없                               |대구       |2024-05-07 16:17:41 |홍길동     |null                                     |0     |
|19      |6         |사진없                               |대구       |2024-05-07 16:17:08 |홍길동     |null                                     |0     |
|18      |22        |사진없                               |대구       |2024-05-07 15:56:35 |홍길동     |8be98038-54a9-4a81-9653-a15fc0523173.PNG |0     |
|17      |22        |null                              |null     |2024-05-07 15:05:38 |홍길동     |8be98038-54a9-4a81-9653-a15fc0523173.PNG |0     |
|16      |22        |ㅂ                                 |ㅂ        |2024-05-07 15:05:01 |홍길동     |8be98038-54a9-4a81-9653-a15fc0523173.PNG |0     |
|15      |22        |aaaa                              |ㅂㅂㅂㅂ     |2024-05-07 14:27:00 |홍길동     |8be98038-54a9-4a81-9653-a15fc0523173.PNG |0     |
|14      |22        |aaaa                              |ㅂㅂㅂㅂ     |2024-05-07 14:26:59 |홍길동     |8be98038-54a9-4a81-9653-a15fc0523173.PNG |0     |
|13      |22        |aaaa                              |ㅂㅂㅂㅂ     |2024-05-07 14:26:57 |홍길동     |8be98038-54a9-4a81-9653-a15fc0523173.PNG |0     |
|12      |22        |aaaa                              |ㅂㅂㅂㅂ     |2024-05-07 14:26:57 |홍길동     |8be98038-54a9-4a81-9653-a15fc0523173.PNG |0     |
|11      |22        |aaaa                              |ㅂㅂㅂㅂ     |2024-05-07 14:26:56 |홍길동     |8be98038-54a9-4a81-9653-a15fc0523173.PNG |0     |
|10      |22        |aaaa                              |ㅂㅂㅂㅂ     |2024-05-07 14:26:56 |홍길동     |8be98038-54a9-4a81-9653-a15fc0523173.PNG |0     |
|9       |22        |aaaa                              |ㅂㅂㅂㅂ     |2024-05-07 14:26:55 |홍길동     |8be98038-54a9-4a81-9653-a15fc0523173.PNG |0     |
|8       |22        |aaaa                              |ㅂㅂㅂㅂ     |2024-05-07 14:26:55 |홍길동     |8be98038-54a9-4a81-9653-a15fc0523173.PNG |0     |
|7       |22        |aaaa                              |ㅂㅂㅂㅂ     |2024-05-07 14:26:54 |홍길동     |8be98038-54a9-4a81-9653-a15fc0523173.PNG |0     |
|6       |22        |aaaa                              |ㅂㅂㅂㅂ     |2024-05-07 14:26:54 |홍길동     |8be98038-54a9-4a81-9653-a15fc0523173.PNG |0     |
|5       |22        |aaaa                              |ㅂㅂㅂㅂ     |2024-05-07 14:26:44 |홍길동     |8be98038-54a9-4a81-9653-a15fc0523173.PNG |0     |
|4       |2         |내용                                |위치       |2024-05-07 12:07:56 |홍길동     |f75a99cf-8bb1-445f-bd2a-c81eec40b9d2.PNG |0     |
|--------|----------|----------------------------------|---------|--------------------|--------|-----------------------------------------|------|
[0;39m
[2024-05-23 12:21:04 [32mDEBUG[0;39m http-nio-8080-exec-8] [jdbc.sqltiming] [36m com.zaxxer.hikari.pool.ProxyPreparedStatement.execute(ProxyPreparedStatement.java:44)
1. SELECT A.feed_comment_id AS feedCommentId, A.comment, B.nm AS writerNm, B.pic AS writerPic, A.user_id AS writerId
        FROM feed_comment A
        JOIN user B
        ON A.user_id = B.user_id
        WHERE A.feed_id = 68
        ORDER BY feed_id DESC
        LIMIT 4
 {executed in 1 msec}[0;39m
[2024-05-23 12:21:04 [32mINFO [0;39m http-nio-8080-exec-8] [jdbc.resultsettable] [36m
|----------------|--------|---|----|--------|
|feed_comment_id |comment |nm |pic |user_id |
|----------------|--------|---|----|--------|
|----------------|--------|---|----|--------|
[0;39m
[2024-05-23 12:21:04 [32mDEBUG[0;39m http-nio-8080-exec-8] [jdbc.sqltiming] [36m com.zaxxer.hikari.pool.ProxyPreparedStatement.execute(ProxyPreparedStatement.java:44)
1. SELECT pic
        FROM feed_pics
        WHERE feed_id = 68
 {executed in 1 msec}[0;39m
[2024-05-23 12:21:04 [32mINFO [0;39m http-nio-8080-exec-8] [jdbc.resultsettable] [36m
|------------------------------------------|
|pic                                       |
|------------------------------------------|
|fdc175c7-2174-4711-ad22-b577b15496bc.jpeg |
|7ba27109-6297-4078-b8c5-ee35d4cc69d2.jpg  |
|59b17622-16b7-40af-aa09-e0468df83f2f.png  |
|0cb1db8f-e7aa-4599-b712-822d1dfeec53.jpg  |
|7a8370ff-161e-40b4-8ce8-3de41e5a48d3.jpg  |
|19acac14-77d3-4330-8929-19010ed99f42.jpg  |
|d6ef05f1-c0d3-4219-8923-c2fbb2067b80.jpg  |
|56b7ce8b-be5b-441c-b554-20cdbaa4d3c0.jpg  |
|038a8be8-3be6-40a8-a91a-e0441cc2c323.jpg  |
|16b9b58c-d5a7-4383-babb-7e9cbdfce7d6.jpg  |
|2cdd403c-57de-4719-af86-ca01553b7bdc.jpg  |
|c0d778eb-ac8c-4269-a666-754a09226f98.jpg  |
|320e0489-2484-4285-a5cb-7e92861c00fc.jpg  |
|709e3e0e-5aa3-4f94-8531-a387fc09bff9.jpg  |
|820de34c-57b3-441b-aa1a-922d5ca9d083.jpg  |
|1c563e9a-9205-4bdd-8df6-03aa05836500.jpg  |
|27fb1d63-fb1f-452b-bced-2b6d0240088e.jpg  |
|2f2da417-9c88-45b6-ab91-00c186ce5c1b.jpg  |
|4af6e84b-b7f6-4824-8fd6-fa33bac7bb6d.jpg  |
|f9ae2123-6567-4ae5-a2cf-719a552e5dd4.jpg  |
|e5f608e6-dd24-46f1-b67b-a3f146551f86.gif  |
|032caaeb-506b-49a4-9d04-bbc1b67710b6.jpg  |
|6d2ca923-8bf4-4297-8f26-aa5f5707cd2c.jpg  |
|3e71cfe1-1537-4d40-94c1-ab96e338c470.jpg  |
|3cd25491-92f8-4f39-aa2f-c39f807c1680.jpg  |
|1ac36be8-d658-4475-8982-6a62c028b166.jpg  |
|80cfdc4d-087c-411b-add3-02d4527fb64b.jpg  |
|bc967b2b-c8a8-478d-894b-381091e658f0.jpg  |
|a13e6175-4a49-4aa6-be1c-d2f8bebad7be.PNG  |
|------------------------------------------|
[0;39m
[2024-05-23 12:21:04 [32mDEBUG[0;39m http-nio-8080-exec-8] [jdbc.sqltiming] [36m com.zaxxer.hikari.pool.ProxyPreparedStatement.execute(ProxyPreparedStatement.java:44)
1. SELECT A.feed_comment_id AS feedCommentId, A.comment, B.nm AS writerNm, B.pic AS writerPic, A.user_id AS writerId
        FROM feed_comment A
        JOIN user B
        ON A.user_id = B.user_id
        WHERE A.feed_id = 67
        ORDER BY feed_id DESC
        LIMIT 4
 {executed in 0 msec}[0;39m
[2024-05-23 12:21:04 [32mINFO [0;39m http-nio-8080-exec-8] [jdbc.resultsettable] [36m
|----------------|-----------|---|-----------------------------------------|--------|
|feed_comment_id |comment    |nm |pic                                      |user_id |
|----------------|-----------|---|-----------------------------------------|--------|
|71              |뭐하냐고       |1  |5e56ecfd-6255-445a-8b81-b6b0e8536939.png |47      |
|72              |조하요        |23 |b797a030-37d9-46b8-a423-30ec777791a2.png |51      |
|73              |눈깔 착하게 뜨세요 |23 |b797a030-37d9-46b8-a423-30ec777791a2.png |51      |
|----------------|-----------|---|-----------------------------------------|--------|
[0;39m
[2024-05-23 12:21:04 [32mDEBUG[0;39m http-nio-8080-exec-8] [jdbc.sqltiming] [36m com.zaxxer.hikari.pool.ProxyPreparedStatement.execute(ProxyPreparedStatement.java:44)
1. SELECT pic
        FROM feed_pics
        WHERE feed_id = 67
 {executed in 0 msec}[0;39m
[2024-05-23 12:21:04 [32mINFO [0;39m http-nio-8080-exec-8] [jdbc.resultsettable] [36m
|-----------------------------------------|
|pic                                      |
|-----------------------------------------|
|8fd22009-ed53-40f5-934c-2519f4191f80.jpg |
|e81ce476-21a2-4768-9a96-5b33e8615821.gif |
|cc5e2d1e-e62a-42aa-bb36-80a95c78b952.jpg |
|88489231-fab7-43c2-8dff-6db59f743140.jpg |
|271ea117-cd2c-4160-a260-9d648c7f154f.png |
|cc82ed62-7506-467f-be4f-e6f56273d770.jpg |
|b3e84e3a-23ae-446c-9b4e-93492d82b215.jpg |
|f310cc0b-55c2-4469-9cea-4b69217a94d5.png |
|328fecbc-aea9-463a-85c5-609f8fa0b5ac.JPG |
|-----------------------------------------|
[0;39m
[2024-05-23 12:21:04 [32mDEBUG[0;39m http-nio-8080-exec-8] [jdbc.sqltiming] [36m com.zaxxer.hikari.pool.ProxyPreparedStatement.execute(ProxyPreparedStatement.java:44)
1. SELECT A.feed_comment_id AS feedCommentId, A.comment, B.nm AS writerNm, B.pic AS writerPic, A.user_id AS writerId
        FROM feed_comment A
        JOIN user B
        ON A.user_id = B.user_id
        WHERE A.feed_id = 66
        ORDER BY feed_id DESC
        LIMIT 4
 {executed in 0 msec}[0;39m
[2024-05-23 12:21:04 [32mINFO [0;39m http-nio-8080-exec-8] [jdbc.resultsettable] [36m
|----------------|--------|---|-----------------------------------------|--------|
|feed_comment_id |comment |nm |pic                                      |user_id |
|----------------|--------|---|-----------------------------------------|--------|
|67              |3rqw    |23 |b797a030-37d9-46b8-a423-30ec777791a2.png |51      |
|68              |425     |23 |b797a030-37d9-46b8-a423-30ec777791a2.png |51      |
|69              |fhd     |23 |b797a030-37d9-46b8-a423-30ec777791a2.png |51      |
|70              |sad     |23 |b797a030-37d9-46b8-a423-30ec777791a2.png |51      |
|----------------|--------|---|-----------------------------------------|--------|
[0;39m
[2024-05-23 12:21:04 [32mDEBUG[0;39m http-nio-8080-exec-8] [jdbc.sqltiming] [36m com.zaxxer.hikari.pool.ProxyPreparedStatement.execute(ProxyPreparedStatement.java:44)
1. SELECT pic
        FROM feed_pics
        WHERE feed_id = 66
 {executed in 1 msec}[0;39m
[2024-05-23 12:21:04 [32mINFO [0;39m http-nio-8080-exec-8] [jdbc.resultsettable] [36m
|-----------------------------------------|
|pic                                      |
|-----------------------------------------|
|cc52b7c7-9747-47a8-b785-dc0499b06079.jpg |
|-----------------------------------------|
[0;39m
[2024-05-23 12:21:04 [32mDEBUG[0;39m http-nio-8080-exec-8] [jdbc.sqltiming] [36m com.zaxxer.hikari.pool.ProxyPreparedStatement.execute(ProxyPreparedStatement.java:44)
1. SELECT A.feed_comment_id AS feedCommentId, A.comment, B.nm AS writerNm, B.pic AS writerPic, A.user_id AS writerId
        FROM feed_comment A
        JOIN user B
        ON A.user_id = B.user_id
        WHERE A.feed_id = 65
        ORDER BY feed_id DESC
        LIMIT 4
 {executed in 0 msec}[0;39m
[2024-05-23 12:21:04 [32mINFO [0;39m http-nio-8080-exec-8] [jdbc.resultsettable] [36m
|----------------|--------|---|----|--------|
|feed_comment_id |comment |nm |pic |user_id |
|----------------|--------|---|----|--------|
|----------------|--------|---|----|--------|
[0;39m
[2024-05-23 12:21:04 [32mDEBUG[0;39m http-nio-8080-exec-8] [jdbc.sqltiming] [36m com.zaxxer.hikari.pool.ProxyPreparedStatement.execute(ProxyPreparedStatement.java:44)
1. SELECT pic
        FROM feed_pics
        WHERE feed_id = 65
 {executed in 0 msec}[0;39m
[2024-05-23 12:21:04 [32mINFO [0;39m http-nio-8080-exec-8] [jdbc.resultsettable] [36m
|-----------------------------------------|
|pic                                      |
|-----------------------------------------|
|39fa251f-73d4-4b18-bb02-900c109a7d3e.jpg |
|-----------------------------------------|
[0;39m
[2024-05-23 12:21:04 [32mDEBUG[0;39m http-nio-8080-exec-8] [jdbc.sqltiming] [36m com.zaxxer.hikari.pool.ProxyPreparedStatement.execute(ProxyPreparedStatement.java:44)
1. SELECT A.feed_comment_id AS feedCommentId, A.comment, B.nm AS writerNm, B.pic AS writerPic, A.user_id AS writerId
        FROM feed_comment A
        JOIN user B
        ON A.user_id = B.user_id
        WHERE A.feed_id = 61
        ORDER BY feed_id DESC
        LIMIT 4
 {executed in 0 msec}[0;39m
[2024-05-23 12:21:04 [32mINFO [0;39m http-nio-8080-exec-8] [jdbc.resultsettable] [36m
|----------------|-----------|---|-----------------------------------------|--------|
|feed_comment_id |comment    |nm |pic                                      |user_id |
|----------------|-----------|---|-----------------------------------------|--------|
|62              |공부 안해 김민지! |1  |5e56ecfd-6255-445a-8b81-b6b0e8536939.png |47      |
|----------------|-----------|---|-----------------------------------------|--------|
[0;39m
[2024-05-23 12:21:04 [32mDEBUG[0;39m http-nio-8080-exec-8] [jdbc.sqltiming] [36m com.zaxxer.hikari.pool.ProxyPreparedStatement.execute(ProxyPreparedStatement.java:44)
1. SELECT pic
        FROM feed_pics
        WHERE feed_id = 61
 {executed in 0 msec}[0;39m
[2024-05-23 12:21:04 [32mINFO [0;39m http-nio-8080-exec-8] [jdbc.resultsettable] [36m
|-----------------------------------------|
|pic                                      |
|-----------------------------------------|
|a9b4f1f4-7e3e-4daf-8fbf-f13cfd644125.jpg |
|-----------------------------------------|
[0;39m
[2024-05-23 12:21:04 [32mDEBUG[0;39m http-nio-8080-exec-8] [jdbc.sqltiming] [36m com.zaxxer.hikari.pool.ProxyPreparedStatement.execute(ProxyPreparedStatement.java:44)
1. SELECT A.feed_comment_id AS feedCommentId, A.comment, B.nm AS writerNm, B.pic AS writerPic, A.user_id AS writerId
        FROM feed_comment A
        JOIN user B
        ON A.user_id = B.user_id
        WHERE A.feed_id = 60
        ORDER BY feed_id DESC
        LIMIT 4
 {executed in 0 msec}[0;39m
[2024-05-23 12:21:04 [32mINFO [0;39m http-nio-8080-exec-8] [jdbc.resultsettable] [36m
|----------------|--------|---|----|--------|
|feed_comment_id |comment |nm |pic |user_id |
|----------------|--------|---|----|--------|
|----------------|--------|---|----|--------|
[0;39m
[2024-05-23 12:21:04 [32mDEBUG[0;39m http-nio-8080-exec-8] [jdbc.sqltiming] [36m com.zaxxer.hikari.pool.ProxyPreparedStatement.execute(ProxyPreparedStatement.java:44)
1. SELECT pic
        FROM feed_pics
        WHERE feed_id = 60
 {executed in 0 msec}[0;39m
[2024-05-23 12:21:04 [32mINFO [0;39m http-nio-8080-exec-8] [jdbc.resultsettable] [36m
|-----------------------------------------|
|pic                                      |
|-----------------------------------------|
|ba49d7e9-ac3b-49b4-9b75-59a7d7fe90a1.jpg |
|-----------------------------------------|
[0;39m
[2024-05-23 12:21:04 [32mDEBUG[0;39m http-nio-8080-exec-8] [jdbc.sqltiming] [36m com.zaxxer.hikari.pool.ProxyPreparedStatement.execute(ProxyPreparedStatement.java:44)
1. SELECT A.feed_comment_id AS feedCommentId, A.comment, B.nm AS writerNm, B.pic AS writerPic, A.user_id AS writerId
        FROM feed_comment A
        JOIN user B
        ON A.user_id = B.user_id
        WHERE A.feed_id = 59
        ORDER BY feed_id DESC
        LIMIT 4
 {executed in 0 msec}[0;39m
[2024-05-23 12:21:04 [32mINFO [0;39m http-nio-8080-exec-8] [jdbc.resultsettable] [36m
|----------------|--------|---|-----------------------------------------|--------|
|feed_comment_id |comment |nm |pic                                      |user_id |
|----------------|--------|---|-----------------------------------------|--------|
|63              |살려줘!!   |1  |5e56ecfd-6255-445a-8b81-b6b0e8536939.png |47      |
|----------------|--------|---|-----------------------------------------|--------|
[0;39m
[2024-05-23 12:21:04 [32mDEBUG[0;39m http-nio-8080-exec-8] [jdbc.sqltiming] [36m com.zaxxer.hikari.pool.ProxyPreparedStatement.execute(ProxyPreparedStatement.java:44)
1. SELECT pic
        FROM feed_pics
        WHERE feed_id = 59
 {executed in 0 msec}[0;39m
[2024-05-23 12:21:04 [32mINFO [0;39m http-nio-8080-exec-8] [jdbc.resultsettable] [36m
|-----------------------------------------|
|pic                                      |
|-----------------------------------------|
|62d925f6-ad0b-4736-aa29-7c3f2dbf6701.jpg |
|-----------------------------------------|
[0;39m
[2024-05-23 12:21:04 [32mDEBUG[0;39m http-nio-8080-exec-8] [jdbc.sqltiming] [36m com.zaxxer.hikari.pool.ProxyPreparedStatement.execute(ProxyPreparedStatement.java:44)
1. SELECT A.feed_comment_id AS feedCommentId, A.comment, B.nm AS writerNm, B.pic AS writerPic, A.user_id AS writerId
        FROM feed_comment A
        JOIN user B
        ON A.user_id = B.user_id
        WHERE A.feed_id = 58
        ORDER BY feed_id DESC
        LIMIT 4
 {executed in 0 msec}[0;39m
[2024-05-23 12:21:04 [32mINFO [0;39m http-nio-8080-exec-8] [jdbc.resultsettable] [36m
|----------------|--------|---|----|--------|
|feed_comment_id |comment |nm |pic |user_id |
|----------------|--------|---|----|--------|
|----------------|--------|---|----|--------|
[0;39m
[2024-05-23 12:21:04 [32mDEBUG[0;39m http-nio-8080-exec-8] [jdbc.sqltiming] [36m com.zaxxer.hikari.pool.ProxyPreparedStatement.execute(ProxyPreparedStatement.java:44)
1. SELECT pic
        FROM feed_pics
        WHERE feed_id = 58
 {executed in 0 msec}[0;39m
[2024-05-23 12:21:04 [32mINFO [0;39m http-nio-8080-exec-8] [jdbc.resultsettable] [36m
|-----------------------------------------|
|pic                                      |
|-----------------------------------------|
|d2157321-bd4c-475d-9051-b6e5eea109df.jpg |
|-----------------------------------------|
[0;39m
[2024-05-23 12:21:04 [32mDEBUG[0;39m http-nio-8080-exec-8] [jdbc.sqltiming] [36m com.zaxxer.hikari.pool.ProxyPreparedStatement.execute(ProxyPreparedStatement.java:44)
1. SELECT A.feed_comment_id AS feedCommentId, A.comment, B.nm AS writerNm, B.pic AS writerPic, A.user_id AS writerId
        FROM feed_comment A
        JOIN user B
        ON A.user_id = B.user_id
        WHERE A.feed_id = 57
        ORDER BY feed_id DESC
        LIMIT 4
 {executed in 0 msec}[0;39m
[2024-05-23 12:21:04 [32mINFO [0;39m http-nio-8080-exec-8] [jdbc.resultsettable] [36m
|----------------|--------|---|----|--------|
|feed_comment_id |comment |nm |pic |user_id |
|----------------|--------|---|----|--------|
|----------------|--------|---|----|--------|
[0;39m
[2024-05-23 12:21:04 [32mDEBUG[0;39m http-nio-8080-exec-8] [jdbc.sqltiming] [36m com.zaxxer.hikari.pool.ProxyPreparedStatement.execute(ProxyPreparedStatement.java:44)
1. SELECT pic
        FROM feed_pics
        WHERE feed_id = 57
 {executed in 1 msec}[0;39m
[2024-05-23 12:21:04 [32mINFO [0;39m http-nio-8080-exec-8] [jdbc.resultsettable] [36m
|-----------------------------------------|
|pic                                      |
|-----------------------------------------|
|0e10543c-c6d0-4716-9e05-e10b19e1e65b.jpg |
|-----------------------------------------|
[0;39m
[2024-05-23 12:21:04 [32mDEBUG[0;39m http-nio-8080-exec-8] [jdbc.sqltiming] [36m com.zaxxer.hikari.pool.ProxyPreparedStatement.execute(ProxyPreparedStatement.java:44)
1. SELECT A.feed_comment_id AS feedCommentId, A.comment, B.nm AS writerNm, B.pic AS writerPic, A.user_id AS writerId
        FROM feed_comment A
        JOIN user B
        ON A.user_id = B.user_id
        WHERE A.feed_id = 56
        ORDER BY feed_id DESC
        LIMIT 4
 {executed in 1 msec}[0;39m
[2024-05-23 12:21:04 [32mINFO [0;39m http-nio-8080-exec-8] [jdbc.resultsettable] [36m
|----------------|--------|---|----|--------|
|feed_comment_id |comment |nm |pic |user_id |
|----------------|--------|---|----|--------|
|----------------|--------|---|----|--------|
[0;39m
[2024-05-23 12:21:04 [32mDEBUG[0;39m http-nio-8080-exec-8] [jdbc.sqltiming] [36m com.zaxxer.hikari.pool.ProxyPreparedStatement.execute(ProxyPreparedStatement.java:44)
1. SELECT pic
        FROM feed_pics
        WHERE feed_id = 56
 {executed in 1 msec}[0;39m
[2024-05-23 12:21:04 [32mINFO [0;39m http-nio-8080-exec-8] [jdbc.resultsettable] [36m
|-----------------------------------------|
|pic                                      |
|-----------------------------------------|
|bbc9e368-1206-4d15-9675-2633a75011f4.jpg |
|02f5881a-ef9b-404b-b0f0-c5df52639463.jpg |
|-----------------------------------------|
[0;39m
[2024-05-23 12:21:04 [32mDEBUG[0;39m http-nio-8080-exec-8] [jdbc.sqltiming] [36m com.zaxxer.hikari.pool.ProxyPreparedStatement.execute(ProxyPreparedStatement.java:44)
1. SELECT A.feed_comment_id AS feedCommentId, A.comment, B.nm AS writerNm, B.pic AS writerPic, A.user_id AS writerId
        FROM feed_comment A
        JOIN user B
        ON A.user_id = B.user_id
        WHERE A.feed_id = 55
        ORDER BY feed_id DESC
        LIMIT 4
 {executed in 0 msec}[0;39m
[2024-05-23 12:21:04 [32mINFO [0;39m http-nio-8080-exec-8] [jdbc.resultsettable] [36m
|----------------|--------|--------|-----------------------------------------|--------|
|feed_comment_id |comment |nm      |pic                                      |user_id |
|----------------|--------|--------|-----------------------------------------|--------|
|60              |dhkdkdk |0516테스트 |6350a57a-8253-4452-9ca3-8dd373add2d0.jpg |46      |
|----------------|--------|--------|-----------------------------------------|--------|
[0;39m
[2024-05-23 12:21:04 [32mDEBUG[0;39m http-nio-8080-exec-8] [jdbc.sqltiming] [36m com.zaxxer.hikari.pool.ProxyPreparedStatement.execute(ProxyPreparedStatement.java:44)
1. SELECT pic
        FROM feed_pics
        WHERE feed_id = 55
 {executed in 0 msec}[0;39m
[2024-05-23 12:21:04 [32mINFO [0;39m http-nio-8080-exec-8] [jdbc.resultsettable] [36m
|----|
|pic |
|----|
|----|
[0;39m
[2024-05-23 12:21:04 [32mDEBUG[0;39m http-nio-8080-exec-8] [jdbc.sqltiming] [36m com.zaxxer.hikari.pool.ProxyPreparedStatement.execute(ProxyPreparedStatement.java:44)
1. SELECT A.feed_comment_id AS feedCommentId, A.comment, B.nm AS writerNm, B.pic AS writerPic, A.user_id AS writerId
        FROM feed_comment A
        JOIN user B
        ON A.user_id = B.user_id
        WHERE A.feed_id = 49
        ORDER BY feed_id DESC
        LIMIT 4
 {executed in 0 msec}[0;39m
[2024-05-23 12:21:04 [32mINFO [0;39m http-nio-8080-exec-8] [jdbc.resultsettable] [36m
|----------------|--------|---|----|--------|
|feed_comment_id |comment |nm |pic |user_id |
|----------------|--------|---|----|--------|
|----------------|--------|---|----|--------|
[0;39m
[2024-05-23 12:21:04 [32mDEBUG[0;39m http-nio-8080-exec-8] [jdbc.sqltiming] [36m com.zaxxer.hikari.pool.ProxyPreparedStatement.execute(ProxyPreparedStatement.java:44)
1. SELECT pic
        FROM feed_pics
        WHERE feed_id = 49
 {executed in 0 msec}[0;39m
[2024-05-23 12:21:04 [32mINFO [0;39m http-nio-8080-exec-8] [jdbc.resultsettable] [36m
|----|
|pic |
|----|
|----|
[0;39m
[2024-05-23 12:21:04 [32mDEBUG[0;39m http-nio-8080-exec-8] [jdbc.sqltiming] [36m com.zaxxer.hikari.pool.ProxyPreparedStatement.execute(ProxyPreparedStatement.java:44)
1. SELECT A.feed_comment_id AS feedCommentId, A.comment, B.nm AS writerNm, B.pic AS writerPic, A.user_id AS writerId
        FROM feed_comment A
        JOIN user B
        ON A.user_id = B.user_id
        WHERE A.feed_id = 48
        ORDER BY feed_id DESC
        LIMIT 4
 {executed in 0 msec}[0;39m
[2024-05-23 12:21:04 [32mINFO [0;39m http-nio-8080-exec-8] [jdbc.resultsettable] [36m
|----------------|--------|---|----|--------|
|feed_comment_id |comment |nm |pic |user_id |
|----------------|--------|---|----|--------|
|----------------|--------|---|----|--------|
[0;39m
[2024-05-23 12:21:04 [32mDEBUG[0;39m http-nio-8080-exec-8] [jdbc.sqltiming] [36m com.zaxxer.hikari.pool.ProxyPreparedStatement.execute(ProxyPreparedStatement.java:44)
1. SELECT pic
        FROM feed_pics
        WHERE feed_id = 48
 {executed in 0 msec}[0;39m
[2024-05-23 12:21:04 [32mINFO [0;39m http-nio-8080-exec-8] [jdbc.resultsettable] [36m
|----|
|pic |
|----|
|----|
[0;39m
[2024-05-23 12:21:04 [32mDEBUG[0;39m http-nio-8080-exec-8] [jdbc.sqltiming] [36m com.zaxxer.hikari.pool.ProxyPreparedStatement.execute(ProxyPreparedStatement.java:44)
1. SELECT A.feed_comment_id AS feedCommentId, A.comment, B.nm AS writerNm, B.pic AS writerPic, A.user_id AS writerId
        FROM feed_comment A
        JOIN user B
        ON A.user_id = B.user_id
        WHERE A.feed_id = 47
        ORDER BY feed_id DESC
        LIMIT 4
 {executed in 0 msec}[0;39m
[2024-05-23 12:21:04 [32mINFO [0;39m http-nio-8080-exec-8] [jdbc.resultsettable] [36m
|----------------|--------|--------|-----------------------------------------|--------|
|feed_comment_id |comment |nm      |pic                                      |user_id |
|----------------|--------|--------|-----------------------------------------|--------|
|61              |와아아아    |0516테스트 |6350a57a-8253-4452-9ca3-8dd373add2d0.jpg |46      |
|----------------|--------|--------|-----------------------------------------|--------|
[0;39m
[2024-05-23 12:21:04 [32mDEBUG[0;39m http-nio-8080-exec-8] [jdbc.sqltiming] [36m com.zaxxer.hikari.pool.ProxyPreparedStatement.execute(ProxyPreparedStatement.java:44)
1. SELECT pic
        FROM feed_pics
        WHERE feed_id = 47
 {executed in 0 msec}[0;39m
[2024-05-23 12:21:04 [32mINFO [0;39m http-nio-8080-exec-8] [jdbc.resultsettable] [36m
|----|
|pic |
|----|
|----|
[0;39m
[2024-05-23 12:21:04 [32mDEBUG[0;39m http-nio-8080-exec-8] [jdbc.sqltiming] [36m com.zaxxer.hikari.pool.ProxyPreparedStatement.execute(ProxyPreparedStatement.java:44)
1. SELECT A.feed_comment_id AS feedCommentId, A.comment, B.nm AS writerNm, B.pic AS writerPic, A.user_id AS writerId
        FROM feed_comment A
        JOIN user B
        ON A.user_id = B.user_id
        WHERE A.feed_id = 46
        ORDER BY feed_id DESC
        LIMIT 4
 {executed in 0 msec}[0;39m
[2024-05-23 12:21:04 [32mINFO [0;39m http-nio-8080-exec-8] [jdbc.resultsettable] [36m
|----------------|--------|----|-----------------------------------------|--------|
|feed_comment_id |comment |nm  |pic                                      |user_id |
|----------------|--------|----|-----------------------------------------|--------|
|14              |댓글댓글    |김민지 |d40650ef-c6fa-467f-952a-38a883a06634.jpg |41      |
|42              |댓글댓글    |김민지 |d40650ef-c6fa-467f-952a-38a883a06634.jpg |41      |
|----------------|--------|----|-----------------------------------------|--------|
[0;39m
[2024-05-23 12:21:04 [32mDEBUG[0;39m http-nio-8080-exec-8] [jdbc.sqltiming] [36m com.zaxxer.hikari.pool.ProxyPreparedStatement.execute(ProxyPreparedStatement.java:44)
1. SELECT pic
        FROM feed_pics
        WHERE feed_id = 46
 {executed in 1 msec}[0;39m
[2024-05-23 12:21:04 [32mINFO [0;39m http-nio-8080-exec-8] [jdbc.resultsettable] [36m
|-----------------------------------------|
|pic                                      |
|-----------------------------------------|
|0e5276f8-3ede-4881-86d6-471da1d07086.jpg |
|-----------------------------------------|
[0;39m
[2024-05-23 12:21:04 [32mDEBUG[0;39m http-nio-8080-exec-8] [jdbc.sqltiming] [36m com.zaxxer.hikari.pool.ProxyPreparedStatement.execute(ProxyPreparedStatement.java:44)
1. SELECT A.feed_comment_id AS feedCommentId, A.comment, B.nm AS writerNm, B.pic AS writerPic, A.user_id AS writerId
        FROM feed_comment A
        JOIN user B
        ON A.user_id = B.user_id
        WHERE A.feed_id = 30
        ORDER BY feed_id DESC
        LIMIT 4
 {executed in 0 msec}[0;39m
[2024-05-23 12:21:04 [32mINFO [0;39m http-nio-8080-exec-8] [jdbc.resultsettable] [36m
|----------------|--------|---|----|--------|
|feed_comment_id |comment |nm |pic |user_id |
|----------------|--------|---|----|--------|
|----------------|--------|---|----|--------|
[0;39m
[2024-05-23 12:21:04 [32mDEBUG[0;39m http-nio-8080-exec-8] [jdbc.sqltiming] [36m com.zaxxer.hikari.pool.ProxyPreparedStatement.execute(ProxyPreparedStatement.java:44)
1. SELECT pic
        FROM feed_pics
        WHERE feed_id = 30
 {executed in 0 msec}[0;39m
[2024-05-23 12:21:04 [32mINFO [0;39m http-nio-8080-exec-8] [jdbc.resultsettable] [36m
|-----------------------------------------|
|pic                                      |
|-----------------------------------------|
|ee6aeade-ed47-4894-8fb2-d3c80bf91d6c.jpg |
|cec3fb87-0b4c-49dd-b8a5-77c7b8eca7f5.jpg |
|150e8e06-0d59-4890-937f-ca6037cd60fb.jpg |
|-----------------------------------------|
[0;39m
[2024-05-23 12:21:04 [32mDEBUG[0;39m http-nio-8080-exec-8] [jdbc.sqltiming] [36m com.zaxxer.hikari.pool.ProxyPreparedStatement.execute(ProxyPreparedStatement.java:44)
1. SELECT A.feed_comment_id AS feedCommentId, A.comment, B.nm AS writerNm, B.pic AS writerPic, A.user_id AS writerId
        FROM feed_comment A
        JOIN user B
        ON A.user_id = B.user_id
        WHERE A.feed_id = 29
        ORDER BY feed_id DESC
        LIMIT 4
 {executed in 0 msec}[0;39m
[2024-05-23 12:21:04 [32mINFO [0;39m http-nio-8080-exec-8] [jdbc.resultsettable] [36m
|----------------|--------|---|----|--------|
|feed_comment_id |comment |nm |pic |user_id |
|----------------|--------|---|----|--------|
|----------------|--------|---|----|--------|
[0;39m
[2024-05-23 12:21:04 [32mDEBUG[0;39m http-nio-8080-exec-8] [jdbc.sqltiming] [36m com.zaxxer.hikari.pool.ProxyPreparedStatement.execute(ProxyPreparedStatement.java:44)
1. SELECT pic
        FROM feed_pics
        WHERE feed_id = 29
 {executed in 0 msec}[0;39m
[2024-05-23 12:21:04 [32mINFO [0;39m http-nio-8080-exec-8] [jdbc.resultsettable] [36m
|-----------------------------------------|
|pic                                      |
|-----------------------------------------|
|7cc60f8e-bc57-4788-a269-e7fc6637afcc.jpg |
|-----------------------------------------|
[0;39m
[2024-05-23 12:21:04 [32mDEBUG[0;39m http-nio-8080-exec-8] [jdbc.sqltiming] [36m com.zaxxer.hikari.pool.ProxyPreparedStatement.execute(ProxyPreparedStatement.java:44)
1. SELECT A.feed_comment_id AS feedCommentId, A.comment, B.nm AS writerNm, B.pic AS writerPic, A.user_id AS writerId
        FROM feed_comment A
        JOIN user B
        ON A.user_id = B.user_id
        WHERE A.feed_id = 28
        ORDER BY feed_id DESC
        LIMIT 4
 {executed in 0 msec}[0;39m
[2024-05-23 12:21:04 [32mINFO [0;39m http-nio-8080-exec-8] [jdbc.resultsettable] [36m
|----------------|--------|---|----|--------|
|feed_comment_id |comment |nm |pic |user_id |
|----------------|--------|---|----|--------|
|----------------|--------|---|----|--------|
[0;39m
[2024-05-23 12:21:04 [32mDEBUG[0;39m http-nio-8080-exec-8] [jdbc.sqltiming] [36m com.zaxxer.hikari.pool.ProxyPreparedStatement.execute(ProxyPreparedStatement.java:44)
1. SELECT pic
        FROM feed_pics
        WHERE feed_id = 28
 {executed in 0 msec}[0;39m
[2024-05-23 12:21:04 [32mINFO [0;39m http-nio-8080-exec-8] [jdbc.resultsettable] [36m
|----|
|pic |
|----|
|----|
[0;39m
[2024-05-23 12:21:04 [32mDEBUG[0;39m http-nio-8080-exec-8] [jdbc.sqltiming] [36m com.zaxxer.hikari.pool.ProxyPreparedStatement.execute(ProxyPreparedStatement.java:44)
1. SELECT A.feed_comment_id AS feedCommentId, A.comment, B.nm AS writerNm, B.pic AS writerPic, A.user_id AS writerId
        FROM feed_comment A
        JOIN user B
        ON A.user_id = B.user_id
        WHERE A.feed_id = 27
        ORDER BY feed_id DESC
        LIMIT 4
 {executed in 0 msec}[0;39m
[2024-05-23 12:21:04 [32mINFO [0;39m http-nio-8080-exec-8] [jdbc.resultsettable] [36m
|----------------|--------|---|----|--------|
|feed_comment_id |comment |nm |pic |user_id |
|----------------|--------|---|----|--------|
|----------------|--------|---|----|--------|
[0;39m
[2024-05-23 12:21:04 [32mDEBUG[0;39m http-nio-8080-exec-8] [jdbc.sqltiming] [36m com.zaxxer.hikari.pool.ProxyPreparedStatement.execute(ProxyPreparedStatement.java:44)
1. SELECT pic
        FROM feed_pics
        WHERE feed_id = 27
 {executed in 0 msec}[0;39m
[2024-05-23 12:21:04 [32mINFO [0;39m http-nio-8080-exec-8] [jdbc.resultsettable] [36m
|----|
|pic |
|----|
|----|
[0;39m
[2024-05-23 12:21:04 [32mDEBUG[0;39m http-nio-8080-exec-8] [jdbc.sqltiming] [36m com.zaxxer.hikari.pool.ProxyPreparedStatement.execute(ProxyPreparedStatement.java:44)
1. SELECT A.feed_comment_id AS feedCommentId, A.comment, B.nm AS writerNm, B.pic AS writerPic, A.user_id AS writerId
        FROM feed_comment A
        JOIN user B
        ON A.user_id = B.user_id
        WHERE A.feed_id = 26
        ORDER BY feed_id DESC
        LIMIT 4
 {executed in 0 msec}[0;39m
[2024-05-23 12:21:04 [32mINFO [0;39m http-nio-8080-exec-8] [jdbc.resultsettable] [36m
|----------------|--------|---|----|--------|
|feed_comment_id |comment |nm |pic |user_id |
|----------------|--------|---|----|--------|
|----------------|--------|---|----|--------|
[0;39m
[2024-05-23 12:21:04 [32mDEBUG[0;39m http-nio-8080-exec-8] [jdbc.sqltiming] [36m com.zaxxer.hikari.pool.ProxyPreparedStatement.execute(ProxyPreparedStatement.java:44)
1. SELECT pic
        FROM feed_pics
        WHERE feed_id = 26
 {executed in 0 msec}[0;39m
[2024-05-23 12:21:04 [32mINFO [0;39m http-nio-8080-exec-8] [jdbc.resultsettable] [36m
|-----------------------------------------|
|pic                                      |
|-----------------------------------------|
|f204e48e-0fe4-4cc4-b072-669091d39655.jpg |
|-----------------------------------------|
[0;39m
[2024-05-23 12:21:04 [32mDEBUG[0;39m http-nio-8080-exec-8] [jdbc.sqltiming] [36m com.zaxxer.hikari.pool.ProxyPreparedStatement.execute(ProxyPreparedStatement.java:44)
1. SELECT A.feed_comment_id AS feedCommentId, A.comment, B.nm AS writerNm, B.pic AS writerPic, A.user_id AS writerId
        FROM feed_comment A
        JOIN user B
        ON A.user_id = B.user_id
        WHERE A.feed_id = 25
        ORDER BY feed_id DESC
        LIMIT 4
 {executed in 0 msec}[0;39m
[2024-05-23 12:21:04 [32mINFO [0;39m http-nio-8080-exec-8] [jdbc.resultsettable] [36m
|----------------|--------|---|----|--------|
|feed_comment_id |comment |nm |pic |user_id |
|----------------|--------|---|----|--------|
|----------------|--------|---|----|--------|
[0;39m
[2024-05-23 12:21:04 [32mDEBUG[0;39m http-nio-8080-exec-8] [jdbc.sqltiming] [36m com.zaxxer.hikari.pool.ProxyPreparedStatement.execute(ProxyPreparedStatement.java:44)
1. SELECT pic
        FROM feed_pics
        WHERE feed_id = 25
 {executed in 0 msec}[0;39m
[2024-05-23 12:21:04 [32mINFO [0;39m http-nio-8080-exec-8] [jdbc.resultsettable] [36m
|-----------------------------------------|
|pic                                      |
|-----------------------------------------|
|be5f5cfd-5fef-4575-ba2c-c887bfa346de.jpg |
|-----------------------------------------|
[0;39m
[2024-05-23 12:21:04 [32mDEBUG[0;39m http-nio-8080-exec-8] [jdbc.sqltiming] [36m com.zaxxer.hikari.pool.ProxyPreparedStatement.execute(ProxyPreparedStatement.java:44)
1. SELECT A.feed_comment_id AS feedCommentId, A.comment, B.nm AS writerNm, B.pic AS writerPic, A.user_id AS writerId
        FROM feed_comment A
        JOIN user B
        ON A.user_id = B.user_id
        WHERE A.feed_id = 24
        ORDER BY feed_id DESC
        LIMIT 4
 {executed in 1 msec}[0;39m
[2024-05-23 12:21:04 [32mINFO [0;39m http-nio-8080-exec-8] [jdbc.resultsettable] [36m
|----------------|--------|---|----|--------|
|feed_comment_id |comment |nm |pic |user_id |
|----------------|--------|---|----|--------|
|----------------|--------|---|----|--------|
[0;39m
[2024-05-23 12:21:04 [32mDEBUG[0;39m http-nio-8080-exec-8] [jdbc.sqltiming] [36m com.zaxxer.hikari.pool.ProxyPreparedStatement.execute(ProxyPreparedStatement.java:44)
1. SELECT pic
        FROM feed_pics
        WHERE feed_id = 24
 {executed in 0 msec}[0;39m
[2024-05-23 12:21:04 [32mINFO [0;39m http-nio-8080-exec-8] [jdbc.resultsettable] [36m
|-----------------------------------------|
|pic                                      |
|-----------------------------------------|
|2e686fb6-ca3d-44aa-9395-7cdbb3e0806c.jpg |
|094054a8-d05f-4ece-9d15-f23e8a803973.png |
|-----------------------------------------|
[0;39m
[2024-05-23 12:21:04 [32mDEBUG[0;39m http-nio-8080-exec-8] [jdbc.sqltiming] [36m com.zaxxer.hikari.pool.ProxyPreparedStatement.execute(ProxyPreparedStatement.java:44)
1. SELECT A.feed_comment_id AS feedCommentId, A.comment, B.nm AS writerNm, B.pic AS writerPic, A.user_id AS writerId
        FROM feed_comment A
        JOIN user B
        ON A.user_id = B.user_id
        WHERE A.feed_id = 23
        ORDER BY feed_id DESC
        LIMIT 4
 {executed in 0 msec}[0;39m
[2024-05-23 12:21:04 [32mINFO [0;39m http-nio-8080-exec-8] [jdbc.resultsettable] [36m
|----------------|--------|---|----|--------|
|feed_comment_id |comment |nm |pic |user_id |
|----------------|--------|---|----|--------|
|----------------|--------|---|----|--------|
[0;39m
[2024-05-23 12:21:04 [32mDEBUG[0;39m http-nio-8080-exec-8] [jdbc.sqltiming] [36m com.zaxxer.hikari.pool.ProxyPreparedStatement.execute(ProxyPreparedStatement.java:44)
1. SELECT pic
        FROM feed_pics
        WHERE feed_id = 23
 {executed in 0 msec}[0;39m
[2024-05-23 12:21:04 [32mINFO [0;39m http-nio-8080-exec-8] [jdbc.resultsettable] [36m
|----|
|pic |
|----|
|----|
[0;39m
[2024-05-23 12:21:04 [32mDEBUG[0;39m http-nio-8080-exec-8] [jdbc.sqltiming] [36m com.zaxxer.hikari.pool.ProxyPreparedStatement.execute(ProxyPreparedStatement.java:44)
1. SELECT A.feed_comment_id AS feedCommentId, A.comment, B.nm AS writerNm, B.pic AS writerPic, A.user_id AS writerId
        FROM feed_comment A
        JOIN user B
        ON A.user_id = B.user_id
        WHERE A.feed_id = 22
        ORDER BY feed_id DESC
        LIMIT 4
 {executed in 0 msec}[0;39m
[2024-05-23 12:21:04 [32mINFO [0;39m http-nio-8080-exec-8] [jdbc.resultsettable] [36m
|----------------|--------|---|----|--------|
|feed_comment_id |comment |nm |pic |user_id |
|----------------|--------|---|----|--------|
|----------------|--------|---|----|--------|
[0;39m
[2024-05-23 12:21:04 [32mDEBUG[0;39m http-nio-8080-exec-8] [jdbc.sqltiming] [36m com.zaxxer.hikari.pool.ProxyPreparedStatement.execute(ProxyPreparedStatement.java:44)
1. SELECT pic
        FROM feed_pics
        WHERE feed_id = 22
 {executed in 0 msec}[0;39m
[2024-05-23 12:21:04 [32mINFO [0;39m http-nio-8080-exec-8] [jdbc.resultsettable] [36m
|-----------------------------------------|
|pic                                      |
|-----------------------------------------|
|a247c5fe-eba1-4702-b737-ef4dd54efb6f.jpg |
|dd72397c-3564-49c3-bbb6-e59cf2736dd3.jpg |
|b39ba647-d7e8-4fc3-85f0-cc6d13897af6.jpg |
|-----------------------------------------|
[0;39m
[2024-05-23 12:21:04 [32mDEBUG[0;39m http-nio-8080-exec-8] [jdbc.sqltiming] [36m com.zaxxer.hikari.pool.ProxyPreparedStatement.execute(ProxyPreparedStatement.java:44)
1. SELECT A.feed_comment_id AS feedCommentId, A.comment, B.nm AS writerNm, B.pic AS writerPic, A.user_id AS writerId
        FROM feed_comment A
        JOIN user B
        ON A.user_id = B.user_id
        WHERE A.feed_id = 21
        ORDER BY feed_id DESC
        LIMIT 4
 {executed in 0 msec}[0;39m
[2024-05-23 12:21:04 [32mINFO [0;39m http-nio-8080-exec-8] [jdbc.resultsettable] [36m
|----------------|--------|---|----|--------|
|feed_comment_id |comment |nm |pic |user_id |
|----------------|--------|---|----|--------|
|----------------|--------|---|----|--------|
[0;39m
[2024-05-23 12:21:04 [32mDEBUG[0;39m http-nio-8080-exec-8] [jdbc.sqltiming] [36m com.zaxxer.hikari.pool.ProxyPreparedStatement.execute(ProxyPreparedStatement.java:44)
1. SELECT pic
        FROM feed_pics
        WHERE feed_id = 21
 {executed in 0 msec}[0;39m
[2024-05-23 12:21:04 [32mINFO [0;39m http-nio-8080-exec-8] [jdbc.resultsettable] [36m
|----|
|pic |
|----|
|----|
[0;39m
[2024-05-23 12:21:04 [32mDEBUG[0;39m http-nio-8080-exec-8] [jdbc.sqltiming] [36m com.zaxxer.hikari.pool.ProxyPreparedStatement.execute(ProxyPreparedStatement.java:44)
1. SELECT A.feed_comment_id AS feedCommentId, A.comment, B.nm AS writerNm, B.pic AS writerPic, A.user_id AS writerId
        FROM feed_comment A
        JOIN user B
        ON A.user_id = B.user_id
        WHERE A.feed_id = 20
        ORDER BY feed_id DESC
        LIMIT 4
 {executed in 0 msec}[0;39m
[2024-05-23 12:21:04 [32mINFO [0;39m http-nio-8080-exec-8] [jdbc.resultsettable] [36m
|----------------|--------|---|----|--------|
|feed_comment_id |comment |nm |pic |user_id |
|----------------|--------|---|----|--------|
|----------------|--------|---|----|--------|
[0;39m
[2024-05-23 12:21:04 [32mDEBUG[0;39m http-nio-8080-exec-8] [jdbc.sqltiming] [36m com.zaxxer.hikari.pool.ProxyPreparedStatement.execute(ProxyPreparedStatement.java:44)
1. SELECT pic
        FROM feed_pics
        WHERE feed_id = 20
 {executed in 1 msec}[0;39m
[2024-05-23 12:21:04 [32mINFO [0;39m http-nio-8080-exec-8] [jdbc.resultsettable] [36m
|----|
|pic |
|----|
|----|
[0;39m
[2024-05-23 12:21:04 [32mDEBUG[0;39m http-nio-8080-exec-8] [jdbc.sqltiming] [36m com.zaxxer.hikari.pool.ProxyPreparedStatement.execute(ProxyPreparedStatement.java:44)
1. SELECT A.feed_comment_id AS feedCommentId, A.comment, B.nm AS writerNm, B.pic AS writerPic, A.user_id AS writerId
        FROM feed_comment A
        JOIN user B
        ON A.user_id = B.user_id
        WHERE A.feed_id = 19
        ORDER BY feed_id DESC
        LIMIT 4
 {executed in 0 msec}[0;39m
[2024-05-23 12:21:04 [32mINFO [0;39m http-nio-8080-exec-8] [jdbc.resultsettable] [36m
|----------------|--------|---|----|--------|
|feed_comment_id |comment |nm |pic |user_id |
|----------------|--------|---|----|--------|
|----------------|--------|---|----|--------|
[0;39m
[2024-05-23 12:21:04 [32mDEBUG[0;39m http-nio-8080-exec-8] [jdbc.sqltiming] [36m com.zaxxer.hikari.pool.ProxyPreparedStatement.execute(ProxyPreparedStatement.java:44)
1. SELECT pic
        FROM feed_pics
        WHERE feed_id = 19
 {executed in 0 msec}[0;39m
[2024-05-23 12:21:04 [32mINFO [0;39m http-nio-8080-exec-8] [jdbc.resultsettable] [36m
|----|
|pic |
|----|
|----|
[0;39m
[2024-05-23 12:21:04 [32mDEBUG[0;39m http-nio-8080-exec-8] [jdbc.sqltiming] [36m com.zaxxer.hikari.pool.ProxyPreparedStatement.execute(ProxyPreparedStatement.java:44)
1. SELECT A.feed_comment_id AS feedCommentId, A.comment, B.nm AS writerNm, B.pic AS writerPic, A.user_id AS writerId
        FROM feed_comment A
        JOIN user B
        ON A.user_id = B.user_id
        WHERE A.feed_id = 18
        ORDER BY feed_id DESC
        LIMIT 4
 {executed in 0 msec}[0;39m
[2024-05-23 12:21:04 [32mINFO [0;39m http-nio-8080-exec-8] [jdbc.resultsettable] [36m
|----------------|--------|---|----|--------|
|feed_comment_id |comment |nm |pic |user_id |
|----------------|--------|---|----|--------|
|----------------|--------|---|----|--------|
[0;39m
[2024-05-23 12:21:04 [32mDEBUG[0;39m http-nio-8080-exec-8] [jdbc.sqltiming] [36m com.zaxxer.hikari.pool.ProxyPreparedStatement.execute(ProxyPreparedStatement.java:44)
1. SELECT pic
        FROM feed_pics
        WHERE feed_id = 18
 {executed in 0 msec}[0;39m
[2024-05-23 12:21:04 [32mINFO [0;39m http-nio-8080-exec-8] [jdbc.resultsettable] [36m
|----|
|pic |
|----|
|----|
[0;39m
[2024-05-23 12:21:04 [32mDEBUG[0;39m http-nio-8080-exec-8] [jdbc.sqltiming] [36m com.zaxxer.hikari.pool.ProxyPreparedStatement.execute(ProxyPreparedStatement.java:44)
1. SELECT A.feed_comment_id AS feedCommentId, A.comment, B.nm AS writerNm, B.pic AS writerPic, A.user_id AS writerId
        FROM feed_comment A
        JOIN user B
        ON A.user_id = B.user_id
        WHERE A.feed_id = 17
        ORDER BY feed_id DESC
        LIMIT 4
 {executed in 0 msec}[0;39m
[2024-05-23 12:21:04 [32mINFO [0;39m http-nio-8080-exec-8] [jdbc.resultsettable] [36m
|----------------|--------|---|----|--------|
|feed_comment_id |comment |nm |pic |user_id |
|----------------|--------|---|----|--------|
|----------------|--------|---|----|--------|
[0;39m
[2024-05-23 12:21:04 [32mDEBUG[0;39m http-nio-8080-exec-8] [jdbc.sqltiming] [36m com.zaxxer.hikari.pool.ProxyPreparedStatement.execute(ProxyPreparedStatement.java:44)
1. SELECT pic
        FROM feed_pics
        WHERE feed_id = 17
 {executed in 1 msec}[0;39m
[2024-05-23 12:21:04 [32mINFO [0;39m http-nio-8080-exec-8] [jdbc.resultsettable] [36m
|-----------------------------------------|
|pic                                      |
|-----------------------------------------|
|b2f948dd-4024-47cb-812a-705a6d159cb6.jpg |
|-----------------------------------------|
[0;39m
[2024-05-23 12:21:04 [32mDEBUG[0;39m http-nio-8080-exec-8] [jdbc.sqltiming] [36m com.zaxxer.hikari.pool.ProxyPreparedStatement.execute(ProxyPreparedStatement.java:44)
1. SELECT A.feed_comment_id AS feedCommentId, A.comment, B.nm AS writerNm, B.pic AS writerPic, A.user_id AS writerId
        FROM feed_comment A
        JOIN user B
        ON A.user_id = B.user_id
        WHERE A.feed_id = 16
        ORDER BY feed_id DESC
        LIMIT 4
 {executed in 0 msec}[0;39m
[2024-05-23 12:21:04 [32mINFO [0;39m http-nio-8080-exec-8] [jdbc.resultsettable] [36m
|----------------|--------|---|----|--------|
|feed_comment_id |comment |nm |pic |user_id |
|----------------|--------|---|----|--------|
|----------------|--------|---|----|--------|
[0;39m
[2024-05-23 12:21:04 [32mDEBUG[0;39m http-nio-8080-exec-8] [jdbc.sqltiming] [36m com.zaxxer.hikari.pool.ProxyPreparedStatement.execute(ProxyPreparedStatement.java:44)
1. SELECT pic
        FROM feed_pics
        WHERE feed_id = 16
 {executed in 0 msec}[0;39m
[2024-05-23 12:21:04 [32mINFO [0;39m http-nio-8080-exec-8] [jdbc.resultsettable] [36m
|-----------------------------------------|
|pic                                      |
|-----------------------------------------|
|d25edd0e-ee2c-46fc-937c-ca48455d2612.jpg |
|69f5d18f-3cff-4ad7-8623-d67843a88c7d.jpg |
|-----------------------------------------|
[0;39m
[2024-05-23 12:21:04 [32mDEBUG[0;39m http-nio-8080-exec-8] [jdbc.sqltiming] [36m com.zaxxer.hikari.pool.ProxyPreparedStatement.execute(ProxyPreparedStatement.java:44)
1. SELECT A.feed_comment_id AS feedCommentId, A.comment, B.nm AS writerNm, B.pic AS writerPic, A.user_id AS writerId
        FROM feed_comment A
        JOIN user B
        ON A.user_id = B.user_id
        WHERE A.feed_id = 15
        ORDER BY feed_id DESC
        LIMIT 4
 {executed in 0 msec}[0;39m
[2024-05-23 12:21:04 [32mINFO [0;39m http-nio-8080-exec-8] [jdbc.resultsettable] [36m
|----------------|--------|---|----|--------|
|feed_comment_id |comment |nm |pic |user_id |
|----------------|--------|---|----|--------|
|----------------|--------|---|----|--------|
[0;39m
[2024-05-23 12:21:04 [32mDEBUG[0;39m http-nio-8080-exec-8] [jdbc.sqltiming] [36m com.zaxxer.hikari.pool.ProxyPreparedStatement.execute(ProxyPreparedStatement.java:44)
1. SELECT pic
        FROM feed_pics
        WHERE feed_id = 15
 {executed in 0 msec}[0;39m
[2024-05-23 12:21:04 [32mINFO [0;39m http-nio-8080-exec-8] [jdbc.resultsettable] [36m
|-----------------------------------------|
|pic                                      |
|-----------------------------------------|
|40a776ca-1fb2-4cdd-a952-8659055b9f1a.jpg |
|3d2f41d0-3c57-4ed8-82c5-4e929135c678.jpg |
|fc79bab5-07f7-46a9-8737-7b697ac0f664.jpg |
|-----------------------------------------|
[0;39m
[2024-05-23 12:21:04 [32mDEBUG[0;39m http-nio-8080-exec-8] [jdbc.sqltiming] [36m com.zaxxer.hikari.pool.ProxyPreparedStatement.execute(ProxyPreparedStatement.java:44)
1. SELECT A.feed_comment_id AS feedCommentId, A.comment, B.nm AS writerNm, B.pic AS writerPic, A.user_id AS writerId
        FROM feed_comment A
        JOIN user B
        ON A.user_id = B.user_id
        WHERE A.feed_id = 14
        ORDER BY feed_id DESC
        LIMIT 4
 {executed in 0 msec}[0;39m
[2024-05-23 12:21:04 [32mINFO [0;39m http-nio-8080-exec-8] [jdbc.resultsettable] [36m
|----------------|--------|---|----|--------|
|feed_comment_id |comment |nm |pic |user_id |
|----------------|--------|---|----|--------|
|----------------|--------|---|----|--------|
[0;39m
[2024-05-23 12:21:04 [32mDEBUG[0;39m http-nio-8080-exec-8] [jdbc.sqltiming] [36m com.zaxxer.hikari.pool.ProxyPreparedStatement.execute(ProxyPreparedStatement.java:44)
1. SELECT pic
        FROM feed_pics
        WHERE feed_id = 14
 {executed in 0 msec}[0;39m
[2024-05-23 12:21:04 [32mINFO [0;39m http-nio-8080-exec-8] [jdbc.resultsettable] [36m
|-----------------------------------------|
|pic                                      |
|-----------------------------------------|
|8a653ea6-51f7-4f98-a8de-f80a0478a78c.jpg |
|5749c568-ecef-4b17-aac6-c9812a1206a4.jpg |
|3d168335-1dad-4cb6-85fa-c14e2fe4eb65.jpg |
|-----------------------------------------|
[0;39m
[2024-05-23 12:21:04 [32mDEBUG[0;39m http-nio-8080-exec-8] [jdbc.sqltiming] [36m com.zaxxer.hikari.pool.ProxyPreparedStatement.execute(ProxyPreparedStatement.java:44)
1. SELECT A.feed_comment_id AS feedCommentId, A.comment, B.nm AS writerNm, B.pic AS writerPic, A.user_id AS writerId
        FROM feed_comment A
        JOIN user B
        ON A.user_id = B.user_id
        WHERE A.feed_id = 13
        ORDER BY feed_id DESC
        LIMIT 4
 {executed in 0 msec}[0;39m
[2024-05-23 12:21:04 [32mINFO [0;39m http-nio-8080-exec-8] [jdbc.resultsettable] [36m
|----------------|--------|---|----|--------|
|feed_comment_id |comment |nm |pic |user_id |
|----------------|--------|---|----|--------|
|----------------|--------|---|----|--------|
[0;39m
[2024-05-23 12:21:04 [32mDEBUG[0;39m http-nio-8080-exec-8] [jdbc.sqltiming] [36m com.zaxxer.hikari.pool.ProxyPreparedStatement.execute(ProxyPreparedStatement.java:44)
1. SELECT pic
        FROM feed_pics
        WHERE feed_id = 13
 {executed in 0 msec}[0;39m
[2024-05-23 12:21:04 [32mINFO [0;39m http-nio-8080-exec-8] [jdbc.resultsettable] [36m
|-----------------------------------------|
|pic                                      |
|-----------------------------------------|
|9882496f-3c53-4ddf-94c4-5186c6a2c9fa.jpg |
|237019a0-c3e1-4a95-8de0-ee3404496d88.jpg |
|9ff220b7-96ab-431f-a4b6-e40c6f6696b8.jpg |
|-----------------------------------------|
[0;39m
[2024-05-23 12:21:04 [32mDEBUG[0;39m http-nio-8080-exec-8] [jdbc.sqltiming] [36m com.zaxxer.hikari.pool.ProxyPreparedStatement.execute(ProxyPreparedStatement.java:44)
1. SELECT A.feed_comment_id AS feedCommentId, A.comment, B.nm AS writerNm, B.pic AS writerPic, A.user_id AS writerId
        FROM feed_comment A
        JOIN user B
        ON A.user_id = B.user_id
        WHERE A.feed_id = 12
        ORDER BY feed_id DESC
        LIMIT 4
 {executed in 1 msec}[0;39m
[2024-05-23 12:21:04 [32mINFO [0;39m http-nio-8080-exec-8] [jdbc.resultsettable] [36m
|----------------|--------|---|----|--------|
|feed_comment_id |comment |nm |pic |user_id |
|----------------|--------|---|----|--------|
|----------------|--------|---|----|--------|
[0;39m
[2024-05-23 12:21:04 [32mDEBUG[0;39m http-nio-8080-exec-8] [jdbc.sqltiming] [36m com.zaxxer.hikari.pool.ProxyPreparedStatement.execute(ProxyPreparedStatement.java:44)
1. SELECT pic
        FROM feed_pics
        WHERE feed_id = 12
 {executed in 0 msec}[0;39m
[2024-05-23 12:21:04 [32mINFO [0;39m http-nio-8080-exec-8] [jdbc.resultsettable] [36m
|-----------------------------------------|
|pic                                      |
|-----------------------------------------|
|4f1079c3-ee42-47fa-8281-31448f703217.jpg |
|e65ba7f7-1ded-4d8e-9e40-c00090f337a3.jpg |
|37171633-7e38-4040-be90-0f05683ed063.jpg |
|-----------------------------------------|
[0;39m
[2024-05-23 12:21:04 [32mDEBUG[0;39m http-nio-8080-exec-8] [jdbc.sqltiming] [36m com.zaxxer.hikari.pool.ProxyPreparedStatement.execute(ProxyPreparedStatement.java:44)
1. SELECT A.feed_comment_id AS feedCommentId, A.comment, B.nm AS writerNm, B.pic AS writerPic, A.user_id AS writerId
        FROM feed_comment A
        JOIN user B
        ON A.user_id = B.user_id
        WHERE A.feed_id = 11
        ORDER BY feed_id DESC
        LIMIT 4
 {executed in 0 msec}[0;39m
[2024-05-23 12:21:04 [32mINFO [0;39m http-nio-8080-exec-8] [jdbc.resultsettable] [36m
|----------------|--------|---|----|--------|
|feed_comment_id |comment |nm |pic |user_id |
|----------------|--------|---|----|--------|
|----------------|--------|---|----|--------|
[0;39m
[2024-05-23 12:21:04 [32mDEBUG[0;39m http-nio-8080-exec-8] [jdbc.sqltiming] [36m com.zaxxer.hikari.pool.ProxyPreparedStatement.execute(ProxyPreparedStatement.java:44)
1. SELECT pic
        FROM feed_pics
        WHERE feed_id = 11
 {executed in 0 msec}[0;39m
[2024-05-23 12:21:04 [32mINFO [0;39m http-nio-8080-exec-8] [jdbc.resultsettable] [36m
|-----------------------------------------|
|pic                                      |
|-----------------------------------------|
|7d6181da-d37e-45f8-a737-cfc53cf30e91.jpg |
|88995ca2-6811-4c64-b1ab-2ec53d58a395.jpg |
|6712aa2d-252a-47f4-b73f-033a908e04f5.jpg |
|-----------------------------------------|
[0;39m
[2024-05-23 12:21:04 [32mDEBUG[0;39m http-nio-8080-exec-8] [jdbc.sqltiming] [36m com.zaxxer.hikari.pool.ProxyPreparedStatement.execute(ProxyPreparedStatement.java:44)
1. SELECT A.feed_comment_id AS feedCommentId, A.comment, B.nm AS writerNm, B.pic AS writerPic, A.user_id AS writerId
        FROM feed_comment A
        JOIN user B
        ON A.user_id = B.user_id
        WHERE A.feed_id = 10
        ORDER BY feed_id DESC
        LIMIT 4
 {executed in 0 msec}[0;39m
[2024-05-23 12:21:04 [32mINFO [0;39m http-nio-8080-exec-8] [jdbc.resultsettable] [36m
|----------------|--------|---|----|--------|
|feed_comment_id |comment |nm |pic |user_id |
|----------------|--------|---|----|--------|
|----------------|--------|---|----|--------|
[0;39m
[2024-05-23 12:21:04 [32mDEBUG[0;39m http-nio-8080-exec-8] [jdbc.sqltiming] [36m com.zaxxer.hikari.pool.ProxyPreparedStatement.execute(ProxyPreparedStatement.java:44)
1. SELECT pic
        FROM feed_pics
        WHERE feed_id = 10
 {executed in 0 msec}[0;39m
[2024-05-23 12:21:04 [32mINFO [0;39m http-nio-8080-exec-8] [jdbc.resultsettable] [36m
|-----------------------------------------|
|pic                                      |
|-----------------------------------------|
|9052f944-c6f1-46e3-a632-b67b14c59616.jpg |
|67ff2124-9732-42f5-bd3d-f670b9e011ec.jpg |
|a8d88241-5233-4cf5-9c88-87bfd2d7d48c.jpg |
|-----------------------------------------|
[0;39m
[2024-05-23 12:21:04 [32mDEBUG[0;39m http-nio-8080-exec-8] [jdbc.sqltiming] [36m com.zaxxer.hikari.pool.ProxyPreparedStatement.execute(ProxyPreparedStatement.java:44)
1. SELECT A.feed_comment_id AS feedCommentId, A.comment, B.nm AS writerNm, B.pic AS writerPic, A.user_id AS writerId
        FROM feed_comment A
        JOIN user B
        ON A.user_id = B.user_id
        WHERE A.feed_id = 9
        ORDER BY feed_id DESC
        LIMIT 4
 {executed in 0 msec}[0;39m
[2024-05-23 12:21:04 [32mINFO [0;39m http-nio-8080-exec-8] [jdbc.resultsettable] [36m
|----------------|--------|---|----|--------|
|feed_comment_id |comment |nm |pic |user_id |
|----------------|--------|---|----|--------|
|----------------|--------|---|----|--------|
[0;39m
[2024-05-23 12:21:04 [32mDEBUG[0;39m http-nio-8080-exec-8] [jdbc.sqltiming] [36m com.zaxxer.hikari.pool.ProxyPreparedStatement.execute(ProxyPreparedStatement.java:44)
1. SELECT pic
        FROM feed_pics
        WHERE feed_id = 9
 {executed in 0 msec}[0;39m
[2024-05-23 12:21:04 [32mINFO [0;39m http-nio-8080-exec-8] [jdbc.resultsettable] [36m
|-----------------------------------------|
|pic                                      |
|-----------------------------------------|
|f3e0b0a0-af6e-4c38-9287-2f90b7d2dbdd.jpg |
|bfcab05d-75a7-41b4-83d1-31db225832df.jpg |
|52675be5-c260-409c-b5bb-09956bb21886.jpg |
|-----------------------------------------|
[0;39m
[2024-05-23 12:21:04 [32mDEBUG[0;39m http-nio-8080-exec-8] [jdbc.sqltiming] [36m com.zaxxer.hikari.pool.ProxyPreparedStatement.execute(ProxyPreparedStatement.java:44)
1. SELECT A.feed_comment_id AS feedCommentId, A.comment, B.nm AS writerNm, B.pic AS writerPic, A.user_id AS writerId
        FROM feed_comment A
        JOIN user B
        ON A.user_id = B.user_id
        WHERE A.feed_id = 8
        ORDER BY feed_id DESC
        LIMIT 4
 {executed in 0 msec}[0;39m
[2024-05-23 12:21:04 [32mINFO [0;39m http-nio-8080-exec-8] [jdbc.resultsettable] [36m
|----------------|--------|---|----|--------|
|feed_comment_id |comment |nm |pic |user_id |
|----------------|--------|---|----|--------|
|----------------|--------|---|----|--------|
[0;39m
[2024-05-23 12:21:04 [32mDEBUG[0;39m http-nio-8080-exec-8] [jdbc.sqltiming] [36m com.zaxxer.hikari.pool.ProxyPreparedStatement.execute(ProxyPreparedStatement.java:44)
1. SELECT pic
        FROM feed_pics
        WHERE feed_id = 8
 {executed in 0 msec}[0;39m
[2024-05-23 12:21:04 [32mINFO [0;39m http-nio-8080-exec-8] [jdbc.resultsettable] [36m
|-----------------------------------------|
|pic                                      |
|-----------------------------------------|
|cf7e03c0-307f-40fd-8c49-53456c02840e.jpg |
|370ea68f-9d0a-4867-8bd3-d6916dde0614.jpg |
|968c6d3e-3bf9-448a-bdba-4d3c07b85f58.jpg |
|-----------------------------------------|
[0;39m
[2024-05-23 12:21:04 [32mDEBUG[0;39m http-nio-8080-exec-8] [jdbc.sqltiming] [36m com.zaxxer.hikari.pool.ProxyPreparedStatement.execute(ProxyPreparedStatement.java:44)
1. SELECT A.feed_comment_id AS feedCommentId, A.comment, B.nm AS writerNm, B.pic AS writerPic, A.user_id AS writerId
        FROM feed_comment A
        JOIN user B
        ON A.user_id = B.user_id
        WHERE A.feed_id = 7
        ORDER BY feed_id DESC
        LIMIT 4
 {executed in 0 msec}[0;39m
[2024-05-23 12:21:04 [32mINFO [0;39m http-nio-8080-exec-8] [jdbc.resultsettable] [36m
|----------------|--------|---|----|--------|
|feed_comment_id |comment |nm |pic |user_id |
|----------------|--------|---|----|--------|
|----------------|--------|---|----|--------|
[0;39m
[2024-05-23 12:21:04 [32mDEBUG[0;39m http-nio-8080-exec-8] [jdbc.sqltiming] [36m com.zaxxer.hikari.pool.ProxyPreparedStatement.execute(ProxyPreparedStatement.java:44)
1. SELECT pic
        FROM feed_pics
        WHERE feed_id = 7
 {executed in 0 msec}[0;39m
[2024-05-23 12:21:04 [32mINFO [0;39m http-nio-8080-exec-8] [jdbc.resultsettable] [36m
|-----------------------------------------|
|pic                                      |
|-----------------------------------------|
|1efba4c9-22cf-4ff2-8657-77088a730964.jpg |
|d37b8c69-7334-456d-aefb-9d55d3409719.jpg |
|8b35d000-f266-40de-81bb-cadd2f339728.jpg |
|-----------------------------------------|
[0;39m
[2024-05-23 12:21:04 [32mDEBUG[0;39m http-nio-8080-exec-8] [jdbc.sqltiming] [36m com.zaxxer.hikari.pool.ProxyPreparedStatement.execute(ProxyPreparedStatement.java:44)
1. SELECT A.feed_comment_id AS feedCommentId, A.comment, B.nm AS writerNm, B.pic AS writerPic, A.user_id AS writerId
        FROM feed_comment A
        JOIN user B
        ON A.user_id = B.user_id
        WHERE A.feed_id = 6
        ORDER BY feed_id DESC
        LIMIT 4
 {executed in 1 msec}[0;39m
[2024-05-23 12:21:04 [32mINFO [0;39m http-nio-8080-exec-8] [jdbc.resultsettable] [36m
|----------------|--------|---|----|--------|
|feed_comment_id |comment |nm |pic |user_id |
|----------------|--------|---|----|--------|
|----------------|--------|---|----|--------|
[0;39m
[2024-05-23 12:21:04 [32mDEBUG[0;39m http-nio-8080-exec-8] [jdbc.sqltiming] [36m com.zaxxer.hikari.pool.ProxyPreparedStatement.execute(ProxyPreparedStatement.java:44)
1. SELECT pic
        FROM feed_pics
        WHERE feed_id = 6
 {executed in 0 msec}[0;39m
[2024-05-23 12:21:04 [32mINFO [0;39m http-nio-8080-exec-8] [jdbc.resultsettable] [36m
|-----------------------------------------|
|pic                                      |
|-----------------------------------------|
|38c8504b-c3fd-4009-bf8f-49d72b83bf52.jpg |
|4397c82c-a865-40bb-9fb9-8c7b7b9484aa.jpg |
|ea484635-b5a6-4681-84d6-6434c87fb2da.jpg |
|-----------------------------------------|
[0;39m
[2024-05-23 12:21:04 [32mDEBUG[0;39m http-nio-8080-exec-8] [jdbc.sqltiming] [36m com.zaxxer.hikari.pool.ProxyPreparedStatement.execute(ProxyPreparedStatement.java:44)
1. SELECT A.feed_comment_id AS feedCommentId, A.comment, B.nm AS writerNm, B.pic AS writerPic, A.user_id AS writerId
        FROM feed_comment A
        JOIN user B
        ON A.user_id = B.user_id
        WHERE A.feed_id = 5
        ORDER BY feed_id DESC
        LIMIT 4
 {executed in 1 msec}[0;39m
[2024-05-23 12:21:04 [32mINFO [0;39m http-nio-8080-exec-8] [jdbc.resultsettable] [36m
|----------------|--------|---|----|--------|
|feed_comment_id |comment |nm |pic |user_id |
|----------------|--------|---|----|--------|
|----------------|--------|---|----|--------|
[0;39m
[2024-05-23 12:21:04 [32mDEBUG[0;39m http-nio-8080-exec-8] [jdbc.sqltiming] [36m com.zaxxer.hikari.pool.ProxyPreparedStatement.execute(ProxyPreparedStatement.java:44)
1. SELECT pic
        FROM feed_pics
        WHERE feed_id = 5
 {executed in 0 msec}[0;39m
[2024-05-23 12:21:04 [32mINFO [0;39m http-nio-8080-exec-8] [jdbc.resultsettable] [36m
|-----------------------------------------|
|pic                                      |
|-----------------------------------------|
|895a9601-4771-4e80-b397-988bbacc21ea.jpg |
|d3797670-58d6-47bd-afa6-cb0fa0585735.jpg |
|9e6aafcb-6cde-4add-8f32-c667c914d8ba.jpg |
|-----------------------------------------|
[0;39m
[2024-05-23 12:21:04 [32mDEBUG[0;39m http-nio-8080-exec-8] [jdbc.sqltiming] [36m com.zaxxer.hikari.pool.ProxyPreparedStatement.execute(ProxyPreparedStatement.java:44)
1. SELECT A.feed_comment_id AS feedCommentId, A.comment, B.nm AS writerNm, B.pic AS writerPic, A.user_id AS writerId
        FROM feed_comment A
        JOIN user B
        ON A.user_id = B.user_id
        WHERE A.feed_id = 4
        ORDER BY feed_id DESC
        LIMIT 4
 {executed in 1 msec}[0;39m
[2024-05-23 12:21:04 [32mINFO [0;39m http-nio-8080-exec-8] [jdbc.resultsettable] [36m
|----------------|--------|---|----|--------|
|feed_comment_id |comment |nm |pic |user_id |
|----------------|--------|---|----|--------|
|----------------|--------|---|----|--------|
[0;39m
[2024-05-23 12:21:04 [32mDEBUG[0;39m http-nio-8080-exec-8] [jdbc.sqltiming] [36m com.zaxxer.hikari.pool.ProxyPreparedStatement.execute(ProxyPreparedStatement.java:44)
1. SELECT pic
        FROM feed_pics
        WHERE feed_id = 4
 {executed in 0 msec}[0;39m
[2024-05-23 12:21:04 [32mINFO [0;39m http-nio-8080-exec-8] [jdbc.resultsettable] [36m
|-----------------------------------------|
|pic                                      |
|-----------------------------------------|
|2431b701-cf6a-4a4d-8a7a-928586a13de3.jpg |
|ad44eedb-d96c-4b67-8921-3fd64f08ce56.jpg |
|9d14ec0e-9701-4544-b4f7-033fadefceea.jpg |
|-----------------------------------------|
[0;39m
[2024-05-23 12:21:11 [32mINFO [0;39m SpringApplicationShutdownHook] [com.zaxxer.hikari.HikariDataSource] [36mHikariPool-1 - Shutdown initiated...[0;39m
[2024-05-23 12:21:11 [32mINFO [0;39m SpringApplicationShutdownHook] [com.zaxxer.hikari.HikariDataSource] [36mHikariPool-1 - Shutdown completed.[0;39m
